
================================================================
======== FXServer starting - 8/7/2021 14:29:00
================================================================
[38;5;171m[                 cmd] Argument count mismatch (passed 1, wanted 2)
[38;5;161m[    c-scripting-core] Creating script environments for _cfx_internal
[38;5;73m[ citizen-server-impl] Scanning resources.
[38;5;163m[    c-resources-core] Resource loading for Dump20210708 failed:
[38;5;163m[    c-resources-core] Could not open resource metadata file C:/Users/fetma/OneDrive/Escritorio/FXServer/server-data/resources//Dump20210708/__resource.lua.
[38;5;73m[ citizen-server-impl] Found 224 resources.
[38;5;73m[ citizen-server-impl] Some resources have an outdated resource manifest:
[38;5;73m[ citizen-server-impl]     - G310-GS-BMW
[38;5;73m[ citizen-server-impl]     - IDCabeza
[38;5;73m[ citizen-server-impl]     - PoliceVehiclesWeaponDeleter
[38;5;73m[ citizen-server-impl]     - ShowOwnID
[38;5;73m[ citizen-server-impl]     - agacharse
[38;5;73m[ citizen-server-impl]     - animacionsacararma
[38;5;73m[ citizen-server-impl]     - baseevents
[38;5;73m[ citizen-server-impl]     - cogerpersona
[38;5;73m[ citizen-server-impl]     - desmayo
[38;5;73m[ citizen-server-impl]     - disparocojo
[38;5;73m[ citizen-server-impl]     - eliminarp
[38;5;73m[ citizen-server-impl]     - manosarriba
[38;5;73m[ citizen-server-impl]     - nonpcdrop
[38;5;73m[ citizen-server-impl]     - progressBars
[38;5;73m[ citizen-server-impl]     - sessionmanager
[38;5;73m[ citizen-server-impl]     - tm1_farm
[38;5;73m[ citizen-server-impl]     - tm1_mafias
[38;5;73m[ citizen-server-impl] 
[38;5;73m[ citizen-server-impl] Please update these resources.
[38;5;161m[    c-scripting-core] Creating script environments for sessionmanager
[38;5;73m[ citizen-server-impl] Started resource sessionmanager
[38;5;161m[    c-scripting-core] Creating script environments for monitor
[38;5;84m[      script:monitor] [txAdminClient] Version 3.7.0 starting...
[38;5;73m[ citizen-server-impl] Started resource monitor
[38;5;171m[                 cmd] Argument count mismatch (passed 1, wanted 2)
[38;5;203m[            security] Access type needs to be 'allow' or 'deny'.
[38;5;161m[    c-scripting-core] Creating script environments for mapmanager
[38;5;73m[ citizen-server-impl] Started resource mapmanager
[38;5;161m[    c-scripting-core] Creating script environments for chat
[38;5;73m[ citizen-server-impl] Started resource chat
[38;5;73m[ citizen-server-impl] Started resource chat-theme-civlifechat
[38;5;161m[    c-scripting-core] Creating script environments for mysql-async
[38;5;73m[ citizen-server-impl] Started resource mysql-async
[38;5;161m[    c-scripting-core] Creating script environments for async
[38;5;73m[ citizen-server-impl] Started resource async
[38;5;161m[    c-scripting-core] Creating script environments for es_extended
[38;5;73m[ citizen-server-impl] Started resource es_extended
[38;5;161m[    c-scripting-core] Creating script environments for esx_rpchat
[38;5;73m[ citizen-server-impl] Started resource esx_rpchat
[38;5;73m[ citizen-server-impl] Started resource spawnmanager
[38;5;154m[   script:mapmanager] Started gametype Freeroam
[38;5;73m[ citizen-server-impl] Started resource basic-gamemode
[38;5;73m[ citizen-server-impl] Started resource fivem
[38;5;161m[    c-scripting-core] Creating script environments for hardcap
[38;5;73m[ citizen-server-impl] Started resource hardcap
[38;5;161m[    c-scripting-core] Creating script environments for rconlog
[38;5;73m[ citizen-server-impl] Started resource rconlog
[38;5;73m[ citizen-server-impl] Started resource esx_menu_default
[38;5;73m[ citizen-server-impl] Started resource esx_menu_list
[38;5;73m[ citizen-server-impl] Started resource esx_menu_dialog
[38;5;73m[ citizen-server-impl] Started resource skinchanger
[38;5;161m[    c-scripting-core] Creating script environments for instance
[38;5;73m[ citizen-server-impl] Started resource instance
[38;5;161m[    c-scripting-core] Creating script environments for esx_addons_gcphone
[38;5;73m[ citizen-server-impl] Started resource esx_addons_gcphone
[38;5;161m[    c-scripting-core] Creating script environments for esx_datastore
[38;5;73m[ citizen-server-impl] Started resource esx_datastore
[38;5;161m[    c-scripting-core] Creating script environments for esx_skin
[38;5;73m[ citizen-server-impl] Started resource esx_skin
[38;5;161m[    c-scripting-core] Creating script environments for esx_status
[38;5;73m[ citizen-server-impl] Started resource esx_status
[38;5;161m[    c-scripting-core] Creating script environments for esx_basicneeds
[38;5;73m[ citizen-server-impl] Started resource esx_basicneeds
[38;5;161m[    c-scripting-core] Creating script environments for esx_optionalneeds
[38;5;73m[ citizen-server-impl] Started resource esx_optionalneeds
[38;5;161m[    c-scripting-core] Creating script environments for esx_identity
[38;5;73m[ citizen-server-impl] Started resource esx_identity
[38;5;161m[    c-scripting-core] Creating script environments for esx_addonaccount
[38;5;73m[ citizen-server-impl] Started resource esx_addonaccount
[38;5;161m[    c-scripting-core] Creating script environments for esx_addoninventory
[38;5;73m[ citizen-server-impl] Started resource esx_addoninventory
[38;5;161m[    c-scripting-core] Creating script environments for esx_billing
[38;5;73m[ citizen-server-impl] Started resource esx_billing
[38;5;161m[    c-scripting-core] Creating script environments for cron
[38;5;73m[ citizen-server-impl] Started resource cron
[38;5;161m[    c-scripting-core] Creating script environments for esx_society
[38;5;73m[ citizen-server-impl] Started resource esx_society
[38;5;161m[    c-scripting-core] Creating script environments for esx_shops
[38;5;73m[ citizen-server-impl] Started resource esx_shops
[38;5;161m[    c-scripting-core] Creating script environments for es_admin2
[38;5;73m[ citizen-server-impl] Started resource es_admin2
[38;5;161m[    c-scripting-core] Creating script environments for esx_license
[38;5;73m[ citizen-server-impl] Started resource esx_license
[38;5;161m[    c-scripting-core] Creating script environments for esx_invest
[38;5;73m[ citizen-server-impl] Started resource esx_invest
[38;5;161m[    c-scripting-core] Creating script environments for esx_banking
[38;5;73m[ citizen-server-impl] Started resource esx_banking
[38;5;161m[    c-scripting-core] Creating script environments for sg_vip
[38;5;73m[ citizen-server-impl] Started resource sg_vip
[38;5;161m[    c-scripting-core] Creating script environments for t-notify
[38;5;73m[ citizen-server-impl] Started resource t-notify
[38;5;73m[ citizen-server-impl] Started resource progressBars
[38;5;161m[    c-scripting-core] Creating script environments for utk_fleeca
[38;5;73m[ citizen-server-impl] Started resource utk_fleeca
[38;5;161m[    c-scripting-core] Creating script environments for esx_accessories
[38;5;73m[ citizen-server-impl] Started resource esx_accessories
[38;5;73m[ citizen-server-impl] Started resource st-cctv
[38;5;73m[ citizen-server-impl] Started resource drones_stream
[38;5;161m[    c-scripting-core] Creating script environments for meta_libs
[38;5;73m[ citizen-server-impl] Started resource meta_libs
[38;5;161m[    c-scripting-core] Creating script environments for drones
[38;5;73m[ citizen-server-impl] Started resource drones
[38;5;161m[    c-scripting-core] Creating script environments for EasyAdmin
[38;5;73m[ citizen-server-impl] Started resource EasyAdmin
[38;5;161m[    c-scripting-core] Creating script environments for discord_perms
[38;5;73m[ citizen-server-impl] Started resource discord_perms
[38;5;161m[    c-scripting-core] Creating script environments for DiscordWhitelist
[38;5;73m[ citizen-server-impl] Started resource DiscordWhitelist
[38;5;161m[    c-scripting-core] Creating script environments for esx_lscustom
[38;5;73m[ citizen-server-impl] Started resource esx_lscustom
[38;5;161m[    c-scripting-core] Creating script environments for esx_vehicleshop
[38;5;153m[script:esx_addons_gc] = INFO = Enregistrement du telephone cardealer => Clientes del concesionario
[38;5;73m[ citizen-server-impl] Started resource esx_vehicleshop
[38;5;161m[    c-scripting-core] Creating script environments for esx_policejob
[38;5;153m[script:esx_addons_gc] = INFO = Enregistrement du telephone police => Alerta policia
[38;5;73m[ citizen-server-impl] Started resource esx_policejob
[38;5;161m[    c-scripting-core] Creating script environments for esx_ambulancejob
[38;5;153m[script:esx_addons_gc] = INFO = Enregistrement du telephone ambulance => Alerta de ambulancia
[38;5;73m[ citizen-server-impl] Started resource esx_ambulancejob
[38;5;161m[    c-scripting-core] Creating script environments for esx_weaponshop
[38;5;73m[ citizen-server-impl] Started resource esx_weaponshop
[38;5;161m[    c-scripting-core] Creating script environments for esx_extraitems
[38;5;153m[script:esx_addons_gc] = INFO = Enregistrement du telephone darknet => Dark Net
[38;5;73m[ citizen-server-impl] Started resource esx_extraitems
[38;5;73m[ citizen-server-impl] Started resource IDCabeza
[38;5;73m[ citizen-server-impl] Started resource ShowOwnID
[38;5;161m[    c-scripting-core] Creating script environments for esx_holdup
[38;5;73m[ citizen-server-impl] Started resource esx_holdup
[38;5;161m[    c-scripting-core] Creating script environments for esx_property
[38;5;73m[ citizen-server-impl] Started resource esx_property
[38;5;161m[    c-scripting-core] Creating script environments for esx_advancedgarage
[38;5;73m[ citizen-server-impl] Started resource esx_advancedgarage
[38;5;161m[    c-scripting-core] Creating script environments for esx_dmvschool
[38;5;73m[ citizen-server-impl] Started resource esx_dmvschool
[38;5;161m[    c-scripting-core] Creating script environments for esx_clotheshop
[38;5;73m[ citizen-server-impl] Started resource esx_clotheshop
[38;5;161m[    c-scripting-core] Creating script environments for esx_mechanicjob
[38;5;153m[script:esx_addons_gc] = INFO = Enregistrement du telephone mechanic => Cliente mecánico
[38;5;73m[ citizen-server-impl] Started resource esx_mechanicjob
[38;5;161m[    c-scripting-core] Creating script environments for esx_taxijob
[38;5;153m[script:esx_addons_gc] = INFO = Enregistrement du telephone taxi => Cliente de taxi
[38;5;73m[ citizen-server-impl] Started resource esx_taxijob
[38;5;161m[    c-scripting-core] Creating script environments for esx_taximeter
[38;5;73m[ citizen-server-impl] Started resource esx_taximeter
[38;5;161m[    c-scripting-core] Creating script environments for esx_jobs
[38;5;73m[ citizen-server-impl] Started resource esx_jobs
[38;5;161m[    c-scripting-core] Creating script environments for esx_joblisting
[38;5;73m[ citizen-server-impl] Started resource esx_joblisting
[38;5;161m[    c-scripting-core] Creating script environments for esx_vangelico_robbery
[38;5;73m[ citizen-server-impl] Started resource esx_vangelico_robbery
[38;5;161m[    c-scripting-core] Creating script environments for esx_moneywash
[38;5;73m[ citizen-server-impl] Started resource esx_moneywash
[38;5;161m[    c-scripting-core] Creating script environments for esx_vehiclelock
[38;5;73m[ citizen-server-impl] Started resource esx_vehiclelock
[38;5;73m[ citizen-server-impl] Started resource NuevaZonaRP
[38;5;161m[    c-scripting-core] Creating script environments for hypnonema
[38;5;75m[    script:hypnonema] Instantiated instance of script Hypnonema.Server.ServerScript.
[38;5;73m[ citizen-server-impl] Started resource hypnonema
[38;5;73m[ citizen-server-impl] Started resource hypnonema-map
[38;5;161m[    c-scripting-core] Creating script environments for LegacyFuel
[38;5;73m[ citizen-server-impl] Started resource LegacyFuel
[38;5;161m[    c-scripting-core] Creating script environments for gcphone
[38;5;73m[ citizen-server-impl] Started resource gcphone
[38;5;161m[    c-scripting-core] Creating script environments for trew_hud_ui
[38;5;73m[ citizen-server-impl] Started resource trew_hud_ui
[38;5;73m[ citizen-server-impl] Started resource bob74_ipl
[38;5;161m[    c-scripting-core] Creating script environments for esx_hifi
[38;5;73m[ citizen-server-impl] Started resource esx_hifi
[38;5;161m[    c-scripting-core] Creating script environments for tm1_farm
[38;5;73m[ citizen-server-impl] Started resource tm1_farm
[38;5;161m[    c-scripting-core] Creating script environments for tm1_mafias
[38;5;73m[ citizen-server-impl] Started resource tm1_mafias
[38;5;161m[    c-scripting-core] Creating script environments for jsfour-idcard
[38;5;73m[ citizen-server-impl] Started resource jsfour-idcard
[38;5;161m[    c-scripting-core] Creating script environments for esx_jb_advanced_truck_inventory
[38;5;73m[ citizen-server-impl] Started resource esx_jb_advanced_truck_inventory
[38;5;161m[    c-scripting-core] Creating script environments for heli
[38;5;73m[ citizen-server-impl] Started resource heli
[38;5;73m[ citizen-server-impl] Started resource agacharse
[38;5;73m[ citizen-server-impl] Started resource animacionsacararma
[38;5;161m[    c-scripting-core] Creating script environments for cogerpersona
[38;5;73m[ citizen-server-impl] Started resource cogerpersona
[38;5;73m[ citizen-server-impl] Started resource desmayo
[38;5;73m[ citizen-server-impl] Started resource disparocojo
[38;5;161m[    c-scripting-core] Creating script environments for dpemotes
[38;5;73m[ citizen-server-impl] Started resource dpemotes
[38;5;161m[    c-scripting-core] Creating script environments for TakeHostage
[38;5;73m[ citizen-server-impl] Started resource TakeHostage
[38;5;73m[ citizen-server-impl] Started resource senalar
[38;5;73m[ citizen-server-impl] Started resource manosarriba
[38;5;73m[ citizen-server-impl] Started resource dpclothing
[38;5;161m[    c-scripting-core] Creating script environments for esx_adminplus
[38;5;73m[ citizen-server-impl] Started resource esx_adminplus
[38;5;161m[    c-scripting-core] Creating script environments for PoliceVehiclesWeaponDeleter
[38;5;73m[ citizen-server-impl] Started resource PoliceVehiclesWeaponDeleter
[38;5;73m[ citizen-server-impl] Started resource nonpcdrop
[38;5;73m[ citizen-server-impl] Started resource desactivarservicios
[38;5;73m[ citizen-server-impl] Started resource eliminarp
[38;5;161m[    c-scripting-core] Creating script environments for compensarnpc
[38;5;198m[ script:compensarnpc] Hola q hases mi bro te comia todo el pito
[38;5;73m[ citizen-server-impl] Started resource compensarnpc
[38;5;161m[    c-scripting-core] Creating script environments for entorno
[38;5;73m[ citizen-server-impl] Started resource entorno
[38;5;161m[    c-scripting-core] Creating script environments for lrp-criminalrecord
[38;5;73m[ citizen-server-impl] Started resource lrp-criminalrecord
[38;5;161m[    c-scripting-core] Creating script environments for loaf_housing
[38;5;73m[ citizen-server-impl] Started resource loaf_housing
[38;5;73m[ citizen-server-impl] Started resource HousingShells
[38;5;73m[ citizen-server-impl] Started resource ikea
[38;5;73m[ citizen-server-impl] Started resource eup-ui
[38;5;73m[ citizen-server-impl] Asset eup-stream/mp_f_freemode_01^task_007_u.ydd uses 32.0 MiB of physical memory.
[38;5;73m[ citizen-server-impl] Asset eup-stream/mp_m_freemode_01^task_007_u.ydd uses 32.0 MiB of physical memory.
[38;5;73m[ citizen-server-impl] Started resource eup-stream
[38;5;73m[ citizen-server-impl] Started resource cadenacnp
[38;5;73m[ citizen-server-impl] Started resource camisacnph
[38;5;73m[ citizen-server-impl] Started resource cinturoncnp
[38;5;73m[ citizen-server-impl] Started resource Gorra
[38;5;73m[ citizen-server-impl] Started resource pantaloncnph
[38;5;73m[ citizen-server-impl] Started resource camion1
[38;5;73m[ citizen-server-impl] Started resource camion2
[38;5;73m[ citizen-server-impl] Asset RenaultMaster2019/master2019.yft uses 19.2 MiB of virtual memory.
[38;5;73m[ citizen-server-impl] Asset RenaultMaster2019/master2019.ytd uses 49.0 MiB of physical memory. Oversized assets can and WILL lead to streaming issues (models not loading/rendering, commonly known as 'texture loss', 'city bug' or 'streaming isn't great').
[38;5;73m[ citizen-server-impl] Asset RenaultMaster2019/master2019_hi.yft uses 19.2 MiB of virtual memory.
[38;5;73m[ citizen-server-impl] Started resource RenaultMaster2019
[38;5;73m[ citizen-server-impl] Asset Q7/Q7.yft uses 20.4 MiB of virtual memory.
[38;5;73m[ citizen-server-impl] Asset Q7/Q7.ytd uses 24.0 MiB of physical memory.
[38;5;73m[ citizen-server-impl] Asset Q7/Q7_hi.yft uses 20.4 MiB of virtual memory.
[38;5;73m[ citizen-server-impl] Started resource Q7
[38;5;73m[ citizen-server-impl] Started resource 488
[38;5;73m[ citizen-server-impl] Asset qx/qx80.ytd uses 34.0 MiB of physical memory.
[38;5;73m[ citizen-server-impl] Started resource qx
[38;5;73m[ citizen-server-impl] Asset rmodp1gtr/rmodp1gtr.ytd uses 47.0 MiB of physical memory.
[38;5;73m[ citizen-server-impl] Started resource rmodp1gtr
[38;5;73m[ citizen-server-impl] Asset toyota1/fortuner.yft uses 29.2 MiB of virtual memory.
[38;5;73m[ citizen-server-impl] Asset toyota1/fortuner.ytd uses 30.0 MiB of physical memory.
[38;5;73m[ citizen-server-impl] Asset toyota1/fortuner_hi.yft uses 29.2 MiB of virtual memory.
[38;5;73m[ citizen-server-impl] Started resource toyota1
[38;5;73m[ citizen-server-impl] Asset 675ltmso/675ltmso.ytd uses 73.0 MiB of physical memory. Oversized assets can and WILL lead to streaming issues (models not loading/rendering, commonly known as 'texture loss', 'city bug' or 'streaming isn't great').
[38;5;73m[ citizen-server-impl] Started resource 675ltmso
[38;5;73m[ citizen-server-impl] Asset 8c/8c.ytd uses 104.0 MiB of physical memory. Oversized assets can and WILL lead to streaming issues (models not loading/rendering, commonly known as 'texture loss', 'city bug' or 'streaming isn't great').
[38;5;73m[ citizen-server-impl] Started resource 8c
[38;5;73m[ citizen-server-impl] Asset 16charger/16charger.ytd uses 176.0 MiB of physical memory. Oversized assets can and WILL lead to streaming issues (models not loading/rendering, commonly known as 'texture loss', 'city bug' or 'streaming isn't great').
[38;5;73m[ citizen-server-impl] Started resource 16charger
[38;5;73m[ citizen-server-impl] Asset e63s/e63s.yft uses 20.5 MiB of virtual memory.
[38;5;73m[ citizen-server-impl] Asset e63s/e63s.ytd uses 64.0 MiB of physical memory. Oversized assets can and WILL lead to streaming issues (models not loading/rendering, commonly known as 'texture loss', 'city bug' or 'streaming isn't great').
[38;5;73m[ citizen-server-impl] Asset e63s/e63s_hi.yft uses 20.5 MiB of virtual memory.
[38;5;73m[ citizen-server-impl] Started resource e63s
[38;5;73m[ citizen-server-impl] Asset a6/a6.ytd uses 29.0 MiB of physical memory.
[38;5;73m[ citizen-server-impl] Asset a6/a6_hi.yft uses 16.8 MiB of virtual memory.
[38;5;73m[ citizen-server-impl] Started resource a6
[38;5;73m[ citizen-server-impl] Asset svj/svj.ytd uses 23.5 MiB of physical memory.
[38;5;73m[ citizen-server-impl] Started resource svj
[38;5;73m[ citizen-server-impl] Asset s1000rr/s1000rr.ytd uses 160.0 MiB of physical memory. Oversized assets can and WILL lead to streaming issues (models not loading/rendering, commonly known as 'texture loss', 'city bug' or 'streaming isn't great').
[38;5;73m[ citizen-server-impl] Started resource s1000rr
[38;5;73m[ citizen-server-impl] Asset elantra07/elantra07.yft uses 21.1 MiB of virtual memory.
[38;5;73m[ citizen-server-impl] Asset elantra07/elantra07_hi.yft uses 21.1 MiB of virtual memory.
[38;5;73m[ citizen-server-impl] Started resource elantra07
[38;5;73m[ citizen-server-impl] Asset mz3c/mz3c.yft uses 18.8 MiB of virtual memory.
[38;5;73m[ citizen-server-impl] Asset mz3c/mz3c_hi.yft uses 18.8 MiB of virtual memory.
[38;5;73m[ citizen-server-impl] Started resource mz3c
[38;5;73m[ citizen-server-impl] Asset rs62/rs62.ytd uses 142.0 MiB of physical memory. Oversized assets can and WILL lead to streaming issues (models not loading/rendering, commonly known as 'texture loss', 'city bug' or 'streaming isn't great').
[38;5;73m[ citizen-server-impl] Started resource rs62
[38;5;73m[ citizen-server-impl] Started resource xc90
[38;5;73m[ citizen-server-impl] Started resource camrs17
[38;5;73m[ citizen-server-impl] Asset hcbr17/hcbr17.yft uses 16.4 MiB of virtual memory.
[38;5;73m[ citizen-server-impl] Asset hcbr17/hcbr17.ytd uses 86.0 MiB of physical memory. Oversized assets can and WILL lead to streaming issues (models not loading/rendering, commonly known as 'texture loss', 'city bug' or 'streaming isn't great').
[38;5;73m[ citizen-server-impl] Asset hcbr17/hcbr17_hi.yft uses 16.4 MiB of virtual memory.
[38;5;73m[ citizen-server-impl] Started resource hcbr17
[38;5;73m[ citizen-server-impl] Asset r25/r25.yft uses 17.5 MiB of virtual memory.
[38;5;73m[ citizen-server-impl] Asset r25/r25.ytd uses 190.0 MiB of physical memory. Oversized assets can and WILL lead to streaming issues (models not loading/rendering, commonly known as 'texture loss', 'city bug' or 'streaming isn't great').
[38;5;73m[ citizen-server-impl] Asset r25/r25_hi.yft uses 17.5 MiB of virtual memory.
[38;5;73m[ citizen-server-impl] Started resource r25
[38;5;73m[ citizen-server-impl] Asset 999/999.ytd uses 24.0 MiB of physical memory.
[38;5;73m[ citizen-server-impl] Started resource 999
[38;5;73m[ citizen-server-impl] Asset s63amg/s63amg.yft uses 22.4 MiB of virtual memory.
[38;5;73m[ citizen-server-impl] Asset s63amg/s63amg.ytd uses 40.0 MiB of physical memory.
[38;5;73m[ citizen-server-impl] Asset s63amg/s63amg_hi.yft uses 16.3 MiB of virtual memory.
[38;5;73m[ citizen-server-impl] Started resource s63amg
[38;5;73m[ citizen-server-impl] Asset xj220/xj220.ytd uses 120.0 MiB of physical memory. Oversized assets can and WILL lead to streaming issues (models not loading/rendering, commonly known as 'texture loss', 'city bug' or 'streaming isn't great').
[38;5;73m[ citizen-server-impl] Started resource xj220
[38;5;73m[ citizen-server-impl] Asset radiantvff/radiantvff.yft uses 16.1 MiB of virtual memory.
[38;5;73m[ citizen-server-impl] Started resource radiantvff
[38;5;73m[ citizen-server-impl] Asset lexgs350/lexgs350f.ytd uses 43.0 MiB of physical memory.
[38;5;73m[ citizen-server-impl] Started resource lexgs350
[38;5;73m[ citizen-server-impl] Asset v250/v250.yft uses 27.2 MiB of virtual memory.
[38;5;73m[ citizen-server-impl] Asset v250/v250.ytd uses 80.0 MiB of physical memory. Oversized assets can and WILL lead to streaming issues (models not loading/rendering, commonly known as 'texture loss', 'city bug' or 'streaming isn't great').
[38;5;73m[ citizen-server-impl] Asset v250/v250_hi.yft uses 17.8 MiB of virtual memory.
[38;5;73m[ citizen-server-impl] Started resource v250
[38;5;73m[ citizen-server-impl] Asset f8tributo/f8tributo.ytd uses 114.0 MiB of physical memory. Oversized assets can and WILL lead to streaming issues (models not loading/rendering, commonly known as 'texture loss', 'city bug' or 'streaming isn't great').
[38;5;73m[ citizen-server-impl] Started resource f8tributo
[38;5;73m[ citizen-server-impl] Asset ren_clio_5/ren_clio_5.ytd uses 34.0 MiB of physical memory.
[38;5;73m[ citizen-server-impl] Asset ren_clio_5/ren_clio_5_hi.yft uses 16.3 MiB of virtual memory.
[38;5;73m[ citizen-server-impl] Started resource ren_clio_5
[38;5;73m[ citizen-server-impl] Asset cg160/cg160.yft uses 32.2 MiB of virtual memory.
[38;5;73m[ citizen-server-impl] Asset cg160/cg160.ytd uses 28.0 MiB of physical memory.
[38;5;73m[ citizen-server-impl] Asset cg160/cg160_hi.yft uses 32.2 MiB of virtual memory.
[38;5;73m[ citizen-server-impl] Started resource cg160
[38;5;73m[ citizen-server-impl] Started resource lumma
[38;5;73m[ citizen-server-impl] Started resource lambo2
[38;5;73m[ citizen-server-impl] Asset lambo3/lp610.ytd uses 122.0 MiB of physical memory. Oversized assets can and WILL lead to streaming issues (models not loading/rendering, commonly known as 'texture loss', 'city bug' or 'streaming isn't great').
[38;5;73m[ citizen-server-impl] Asset lambo3/lp610_hi.yft uses 29.5 MiB of virtual memory.
[38;5;73m[ citizen-server-impl] Started resource lambo3
[38;5;73m[ citizen-server-impl] Asset cocheeee/polo2018.yft uses 29.6 MiB of virtual memory.
[38;5;73m[ citizen-server-impl] Asset cocheeee/polo2018.ytd uses 23.5 MiB of physical memory.
[38;5;73m[ citizen-server-impl] Asset cocheeee/polo2018_hi.yft uses 29.6 MiB of virtual memory.
[38;5;73m[ citizen-server-impl] Started resource cocheeee
[38;5;73m[ citizen-server-impl] Asset GT17/gt17.yft uses 17.2 MiB of virtual memory.
[38;5;73m[ citizen-server-impl] Asset GT17/gt17.ytd uses 23.0 MiB of physical memory.
[38;5;73m[ citizen-server-impl] Asset GT17/gt17_hi.yft uses 17.2 MiB of virtual memory.
[38;5;73m[ citizen-server-impl] Started resource GT17
[38;5;73m[ citizen-server-impl] Asset c8/c8.yft uses 26.5 MiB of virtual memory.
[38;5;73m[ citizen-server-impl] Asset c8/c8.ytd uses 108.0 MiB of physical memory. Oversized assets can and WILL lead to streaming issues (models not loading/rendering, commonly known as 'texture loss', 'city bug' or 'streaming isn't great').
[38;5;73m[ citizen-server-impl] Asset c8/c8_hi.yft uses 26.5 MiB of virtual memory.
[38;5;73m[ citizen-server-impl] Started resource c8
[38;5;73m[ citizen-server-impl] Asset 18Velar/18Velar.yft uses 16.5 MiB of virtual memory.
[38;5;73m[ citizen-server-impl] Asset 18Velar/18Velar_hi.yft uses 16.5 MiB of virtual memory.
[38;5;73m[ citizen-server-impl] Started resource 18Velar
[38;5;73m[ citizen-server-impl] Asset bg700w/bg700w.ytd uses 32.0 MiB of physical memory.
[38;5;73m[ citizen-server-impl] Started resource bg700w
[38;5;73m[ citizen-server-impl] Asset pgt34/pgt34.ytd uses 168.0 MiB of physical memory. Oversized assets can and WILL lead to streaming issues (models not loading/rendering, commonly known as 'texture loss', 'city bug' or 'streaming isn't great').
[38;5;73m[ citizen-server-impl] Started resource pgt34
[38;5;78m[              cmdsys] No such command sart.
[38;5;73m[ citizen-server-impl] Asset RS72020/RS72020 _hi.yft uses 17.2 MiB of virtual memory.
[38;5;73m[ citizen-server-impl] Asset RS72020/RS72020.yft uses 17.2 MiB of virtual memory.
[38;5;73m[ citizen-server-impl] Asset RS72020/RS72020.ytd uses 46.5 MiB of physical memory.
[38;5;73m[ citizen-server-impl] Started resource RS72020
[38;5;73m[ citizen-server-impl] Asset stingray66/stingray66.ytd uses 35.0 MiB of physical memory.
[38;5;73m[ citizen-server-impl] Started resource stingray66
[38;5;73m[ citizen-server-impl] Asset vitesse/vitesse.ytd uses 52.0 MiB of physical memory. Oversized assets can and WILL lead to streaming issues (models not loading/rendering, commonly known as 'texture loss', 'city bug' or 'streaming isn't great').
[38;5;73m[ citizen-server-impl] Asset vitesse/vitesse1.yft uses 18.9 MiB of virtual memory.
[38;5;73m[ citizen-server-impl] Asset vitesse/vitesse1_hi.yft uses 18.9 MiB of virtual memory.
[38;5;73m[ citizen-server-impl] Asset vitesse/vitesse2.yft uses 18.9 MiB of virtual memory.
[38;5;73m[ citizen-server-impl] Asset vitesse/vitesse2_hi.yft uses 18.9 MiB of virtual memory.
[38;5;73m[ citizen-server-impl] Started resource vitesse
[38;5;73m[ citizen-server-impl] Asset z48/z48.ytd uses 59.0 MiB of physical memory. Oversized assets can and WILL lead to streaming issues (models not loading/rendering, commonly known as 'texture loss', 'city bug' or 'streaming isn't great').
[38;5;73m[ citizen-server-impl] Started resource z48
[38;5;73m[ citizen-server-impl] Started resource zach375
[38;5;73m[ citizen-server-impl] Asset bvit/bug_wheel_1.ydr uses 26.0 MiB of physical memory.
[38;5;73m[ citizen-server-impl] Asset bvit/bug_wheel_2.ydr uses 26.0 MiB of physical memory.
[38;5;73m[ citizen-server-impl] Asset bvit/bug_wheel_3.ydr uses 26.0 MiB of physical memory.
[38;5;73m[ citizen-server-impl] Asset bvit/bvit.ytd uses 120.0 MiB of physical memory. Oversized assets can and WILL lead to streaming issues (models not loading/rendering, commonly known as 'texture loss', 'city bug' or 'streaming isn't great').
[38;5;73m[ citizen-server-impl] Started resource bvit
[38;5;73m[ citizen-server-impl] Asset coche12/fmgt.yft uses 32.0 MiB of virtual memory.
[38;5;73m[ citizen-server-impl] Asset coche12/fmgt.ytd uses 41.0 MiB of physical memory.
[38;5;73m[ citizen-server-impl] Asset coche12/fmgt_hi.yft uses 32.0 MiB of virtual memory.
[38;5;73m[ citizen-server-impl] Started resource coche12
[38;5;73m[ citizen-server-impl] Asset i8/i8.ytd uses 128.0 MiB of physical memory. Oversized assets can and WILL lead to streaming issues (models not loading/rendering, commonly known as 'texture loss', 'city bug' or 'streaming isn't great').
[38;5;73m[ citizen-server-impl] Asset i8/i8_hi.yft uses 20.2 MiB of virtual memory.
[38;5;73m[ citizen-server-impl] Started resource i8
[38;5;73m[ citizen-server-impl] Asset sf90/sf90.ytd uses 104.0 MiB of physical memory. Oversized assets can and WILL lead to streaming issues (models not loading/rendering, commonly known as 'texture loss', 'city bug' or 'streaming isn't great').
[38;5;73m[ citizen-server-impl] Started resource sf90
[38;5;73m[ citizen-server-impl] Asset taycan/taycan.ytd uses 32.0 MiB of physical memory.
[38;5;73m[ citizen-server-impl] Started resource taycan
[38;5;73m[ citizen-server-impl] Asset x6m/x6m.yft uses 19.0 MiB of virtual memory.
[38;5;73m[ citizen-server-impl] Asset x6m/x6m.ytd uses 40.5 MiB of physical memory.
[38;5;73m[ citizen-server-impl] Asset x6m/x6m_hi.yft uses 19.0 MiB of virtual memory.
[38;5;73m[ citizen-server-impl] Started resource x6m
[38;5;73m[ citizen-server-impl] Started resource bmwisseta
[38;5;73m[ citizen-server-impl] Asset q820/q820.yft uses 30.5 MiB of virtual memory.
[38;5;73m[ citizen-server-impl] Asset q820/q820.ytd uses 72.0 MiB of physical memory. Oversized assets can and WILL lead to streaming issues (models not loading/rendering, commonly known as 'texture loss', 'city bug' or 'streaming isn't great').
[38;5;73m[ citizen-server-impl] Asset q820/q820_hi.yft uses 30.5 MiB of virtual memory.
[38;5;73m[ citizen-server-impl] Started resource q820
[38;5;73m[ citizen-server-impl] Asset 760li06/760li06.yft uses 16.0 MiB of virtual memory.
[38;5;73m[ citizen-server-impl] Asset 760li06/760li06.ytd uses 32.5 MiB of physical memory.
[38;5;73m[ citizen-server-impl] Started resource 760li06
[38;5;73m[ citizen-server-impl] Asset 2020exc/2020exc.ytd uses 25.5 MiB of physical memory.
[38;5;73m[ citizen-server-impl] Started resource 2020exc
[38;5;73m[ citizen-server-impl] Asset audis8om/audis8om.ytd uses 19.5 MiB of physical memory.
[38;5;73m[ citizen-server-impl] Started resource audis8om
[38;5;73m[ citizen-server-impl] Asset bmwm4/bmwm4.ytd uses 31.2 MiB of physical memory.
[38;5;73m[ citizen-server-impl] Started resource bmwm4
[38;5;73m[ citizen-server-impl] Asset c63coupe/c63coupe.yft uses 23.0 MiB of virtual memory.
[38;5;73m[ citizen-server-impl] Asset c63coupe/c63coupe.ytd uses 56.0 MiB of physical memory. Oversized assets can and WILL lead to streaming issues (models not loading/rendering, commonly known as 'texture loss', 'city bug' or 'streaming isn't great').
[38;5;73m[ citizen-server-impl] Asset c63coupe/c63coupe_hi.yft uses 23.0 MiB of virtual memory.
[38;5;73m[ citizen-server-impl] Started resource c63coupe
[38;5;73m[ citizen-server-impl] Started resource chr
[38;5;73m[ citizen-server-impl] Asset cl65/cl65.ytd uses 32.0 MiB of physical memory.
[38;5;73m[ citizen-server-impl] Started resource cl65
[38;5;73m[ citizen-server-impl] Asset cross/cr.ytd uses 32.0 MiB of physical memory.
[38;5;73m[ citizen-server-impl] Asset cross/cross.yft uses 26.5 MiB of virtual memory.
[38;5;73m[ citizen-server-impl] Started resource cross
[38;5;73m[ citizen-server-impl] Started resource duker
[38;5;73m[ citizen-server-impl] Asset e63amg/e63amg.yft uses 19.2 MiB of virtual memory.
[38;5;73m[ citizen-server-impl] Asset e63amg/e63amg.ytd uses 40.0 MiB of physical memory.
[38;5;73m[ citizen-server-impl] Asset e63amg/e63amg_hi.yft uses 19.2 MiB of virtual memory.
[38;5;73m[ citizen-server-impl] Started resource e63amg
[38;5;73m[ citizen-server-impl] Asset fordhpe750boss/hpe750boss+hi.ytd uses 54.0 MiB of physical memory. Oversized assets can and WILL lead to streaming issues (models not loading/rendering, commonly known as 'texture loss', 'city bug' or 'streaming isn't great').
[38;5;73m[ citizen-server-impl] Asset fordhpe750boss/hpe750boss.yft uses 19.2 MiB of virtual memory.
[38;5;73m[ citizen-server-impl] Asset fordhpe750boss/hpe750boss.ytd uses 54.0 MiB of physical memory. Oversized assets can and WILL lead to streaming issues (models not loading/rendering, commonly known as 'texture loss', 'city bug' or 'streaming isn't great').
[38;5;73m[ citizen-server-impl] Asset fordhpe750boss/hpe750boss_hi.yft uses 19.2 MiB of virtual memory.
[38;5;73m[ citizen-server-impl] Started resource fordhpe750boss
[38;5;73m[ citizen-server-impl] Asset g65amg/g65amg.ytd uses 64.0 MiB of physical memory. Oversized assets can and WILL lead to streaming issues (models not loading/rendering, commonly known as 'texture loss', 'city bug' or 'streaming isn't great').
[38;5;73m[ citizen-server-impl] Started resource g65amg
[38;5;73m[ citizen-server-impl] Asset G310-GS-BMW/gs310+hi.ytd uses 23.5 MiB of physical memory.
[38;5;73m[ citizen-server-impl] Asset G310-GS-BMW/gs310.yft uses 17.9 MiB of virtual memory.
[38;5;73m[ citizen-server-impl] Asset G310-GS-BMW/gs310.ytd uses 23.5 MiB of physical memory.
[38;5;73m[ citizen-server-impl] Asset G310-GS-BMW/gs310_hi.yft uses 17.9 MiB of virtual memory.
[38;5;73m[ citizen-server-impl] Started resource G310-GS-BMW
[38;5;73m[ citizen-server-impl] Asset komodafr/komodafr.ytd uses 32.0 MiB of physical memory.
[38;5;73m[ citizen-server-impl] Started resource komodafr
[38;5;73m[ citizen-server-impl] Asset rapger19/rapger19.yft uses 22.8 MiB of virtual memory.
[38;5;73m[ citizen-server-impl] Asset rapger19/rapger19.ytd uses 32.5 MiB of physical memory.
[38;5;73m[ citizen-server-impl] Asset rapger19/rapger19_hi.yft uses 22.8 MiB of virtual memory.
[38;5;73m[ citizen-server-impl] Started resource rapger19
[38;5;73m[ citizen-server-impl] Asset s500w222/s500w222.yft uses 31.5 MiB of virtual memory.
[38;5;73m[ citizen-server-impl] Asset s500w222/s500w222.ytd uses 72.0 MiB of physical memory. Oversized assets can and WILL lead to streaming issues (models not loading/rendering, commonly known as 'texture loss', 'city bug' or 'streaming isn't great').
[38;5;73m[ citizen-server-impl] Asset s500w222/s500w222_hi.yft uses 31.5 MiB of virtual memory.
[38;5;73m[ citizen-server-impl] Started resource s500w222
[38;5;73m[ citizen-server-impl] Asset sl65bs/sl65bs.ytd uses 78.0 MiB of physical memory. Oversized assets can and WILL lead to streaming issues (models not loading/rendering, commonly known as 'texture loss', 'city bug' or 'streaming isn't great').
[38;5;73m[ citizen-server-impl] Started resource sl65bs
[38;5;73m[ citizen-server-impl] Asset sxr/sxr.yft uses 19.1 MiB of virtual memory.
[38;5;73m[ citizen-server-impl] Asset sxr/sxr.ytd uses 115.0 MiB of physical memory. Oversized assets can and WILL lead to streaming issues (models not loading/rendering, commonly known as 'texture loss', 'city bug' or 'streaming isn't great').
[38;5;73m[ citizen-server-impl] Asset sxr/sxr_hi.yft uses 19.1 MiB of virtual memory.
[38;5;73m[ citizen-server-impl] Started resource sxr
[38;5;73m[ citizen-server-impl] Started resource tempestax
[38;5;73m[ citizen-server-impl] Asset tico/tico.ytd uses 32.5 MiB of physical memory.
[38;5;73m[ citizen-server-impl] Started resource tico
[38;5;73m[ citizen-server-impl] Asset Urus/urus.yft uses 21.3 MiB of virtual memory.
[38;5;73m[ citizen-server-impl] Asset Urus/urus.ytd uses 78.0 MiB of physical memory. Oversized assets can and WILL lead to streaming issues (models not loading/rendering, commonly known as 'texture loss', 'city bug' or 'streaming isn't great').
[38;5;73m[ citizen-server-impl] Asset Urus/urus_hi.yft uses 18.8 MiB of virtual memory.
[38;5;73m[ citizen-server-impl] Started resource Urus
[38;5;73m[ citizen-server-impl] Asset r820/r820.yft uses 18.9 MiB of virtual memory.
[38;5;73m[ citizen-server-impl] Asset r820/r820.ytd uses 78.0 MiB of physical memory. Oversized assets can and WILL lead to streaming issues (models not loading/rendering, commonly known as 'texture loss', 'city bug' or 'streaming isn't great').
[38;5;73m[ citizen-server-impl] Asset r820/r820_hi.yft uses 18.9 MiB of virtual memory.
[38;5;73m[ citizen-server-impl] Started resource r820
[38;5;73m[ citizen-server-impl] Asset volt2/volt2.yft uses 22.0 MiB of virtual memory.
[38;5;73m[ citizen-server-impl] Started resource volt2
[38;5;73m[ citizen-server-impl] Asset vwstance/vwstance.yft uses 26.5 MiB of virtual memory.
[38;5;73m[ citizen-server-impl] Asset vwstance/vwstance.ytd uses 22.0 MiB of physical memory.
[38;5;73m[ citizen-server-impl] Asset vwstance/vwstance_hi.yft uses 26.5 MiB of virtual memory.
[38;5;73m[ citizen-server-impl] Started resource vwstance
[38;5;73m[ citizen-server-impl] Asset z1000/z1000.ytd uses 25.0 MiB of physical memory.
[38;5;73m[ citizen-server-impl] Started resource z1000
[38;5;73m[ citizen-server-impl] Started resource nisaltima
[38;5;73m[ citizen-server-impl] Asset Nissan97/Safari97.yft uses 31.5 MiB of virtual memory.
[38;5;73m[ citizen-server-impl] Asset Nissan97/Safari97.ytd uses 42.0 MiB of physical memory.
[38;5;73m[ citizen-server-impl] Asset Nissan97/Safari97_hi.yft uses 31.5 MiB of virtual memory.
[38;5;73m[ citizen-server-impl] Started resource Nissan97
[38;5;73m[ citizen-server-impl] Asset police3/police3+hi.ytd uses 64.0 MiB of physical memory. Oversized assets can and WILL lead to streaming issues (models not loading/rendering, commonly known as 'texture loss', 'city bug' or 'streaming isn't great').
[38;5;73m[ citizen-server-impl] Asset police3/police3.yft uses 30.5 MiB of virtual memory.
[38;5;73m[ citizen-server-impl] Asset police3/police3.ytd uses 64.0 MiB of physical memory. Oversized assets can and WILL lead to streaming issues (models not loading/rendering, commonly known as 'texture loss', 'city bug' or 'streaming isn't great').
[38;5;73m[ citizen-server-impl] Asset police3/police3_hi.yft uses 30.5 MiB of virtual memory.
[38;5;73m[ citizen-server-impl] Started resource police3
[38;5;73m[ citizen-server-impl] Asset cnp/dodgecnp.yft uses 17.6 MiB of virtual memory.
[38;5;73m[ citizen-server-impl] Asset cnp/dodgecnp.ytd uses 46.0 MiB of physical memory.
[38;5;73m[ citizen-server-impl] Asset cnp/dodgecnp_hi.yft uses 17.6 MiB of virtual memory.
[38;5;73m[ citizen-server-impl] Started resource cnp
[38;5;73m[ citizen-server-impl] Started resource twicy
[38;5;73m[ citizen-server-impl] Asset policeb/policeb+hi.ytd uses 24.0 MiB of physical memory.
[38;5;73m[ citizen-server-impl] Asset policeb/policeb.ytd uses 24.0 MiB of physical memory.
[38;5;73m[ citizen-server-impl] Started resource policeb
[38;5;73m[ citizen-server-impl] Asset polmav/polmav+hi.ytd uses 64.0 MiB of physical memory. Oversized assets can and WILL lead to streaming issues (models not loading/rendering, commonly known as 'texture loss', 'city bug' or 'streaming isn't great').
[38;5;73m[ citizen-server-impl] Asset polmav/polmav.ytd uses 64.0 MiB of physical memory. Oversized assets can and WILL lead to streaming issues (models not loading/rendering, commonly known as 'texture loss', 'city bug' or 'streaming isn't great').
[38;5;73m[ citizen-server-impl] Started resource polmav
[38;5;73m[ citizen-server-impl] Asset ambulancia/ambulancia+hi.ytd uses 34.5 MiB of physical memory.
[38;5;73m[ citizen-server-impl] Asset ambulancia/ambulancia.ytd uses 34.5 MiB of physical memory.
[38;5;73m[ citizen-server-impl] Started resource ambulancia
[38;5;73m[ citizen-server-impl] Asset taxi/captaxi.ytd uses 22.0 MiB of physical memory.
[38;5;73m[ citizen-server-impl] Started resource taxi
[38;5;73m[ citizen-server-impl] Asset ewmrpd/mrpd_txt.ytd uses 25.0 MiB of physical memory.
[38;5;73m[ citizen-server-impl] Started resource ewmrpd
[38;5;73m[ citizen-server-impl] Asset carpack_floor/mz_carpak_shell.ydr uses 25.5 MiB of physical memory.
[38;5;73m[ citizen-server-impl] Started resource carpack_floor
[38;5;73m[ citizen-server-impl] Asset gta_props_fivem/ch_chint06_dlc_casino_back.ytd uses 21.5 MiB of physical memory.
[38;5;73m[ citizen-server-impl] Started resource gta_props_fivem
[38;5;161m[    c-scripting-core] Creating script environments for mountzonah_lift
[38;5;73m[ citizen-server-impl] Started resource mountzonah_lift
[38;5;73m[ citizen-server-impl] Asset mz_addons/moutnz_zonah.ytd uses 40.0 MiB of physical memory.
[38;5;73m[ citizen-server-impl] Started resource mz_addons
[38;5;73m[ citizen-server-impl] Started resource operation_floor
[38;5;73m[ citizen-server-impl] Started resource room_floor
[38;5;73m[ citizen-server-impl] Started resource urgence_floor
[38;5;73m[ citizen-server-impl] Asset interiormec/lr_supermod_txd.ytd uses 20.0 MiB of physical memory.
[38;5;73m[ citizen-server-impl] Started resource interiormec
[38;5;73m[ citizen-server-impl] Started resource mecexter
[38;5;73m[ citizen-server-impl] Started resource mapataxi
[38;5;66m[          svadhesive] Authenticating server license key...
[38;5;84m[      script:monitor] [txAdminClient] Threads and commands set up. All Ready.
[38;5;154m[   script:mapmanager] Started map fivem-map
[38;5;73m[ citizen-server-impl] Started resource fivem-map
[38;5;128m[    script:EasyAdmin] 
[38;5;128m[    script:EasyAdmin]  _______ _______ _______ __   __ _______ ______  _______ _____ __   _
[38;5;128m[    script:EasyAdmin]  |______ |_____| |______   \_/   |_____| |     \ |  |  |   |   | \  |
[38;5;128m[    script:EasyAdmin]  |______ |     | ______|    |    |     | |_____/ |  |  | __|__ |  \_|
[38;5;128m[    script:EasyAdmin]                            Version 6.01
[38;5;220m[  script:es_extended] [es_extended] [INFO] ESX developed by ESX-Org has been initialized
[38;5;133m[     script:dpemotes] 
[38;5;133m[     script:dpemotes] dp Emotes (dpemotes) is up to date. (173)
[38;5;176m[     script:t-notify] [t-notify](v1.42) is up to date and has started
[38;5;159m[  script:mysql-async] [mysql-async] [Warning] It is recommended to run MySQL 5 or MariaDB with mysql-async. You may experience performance issues under load by using MySQL 8.
[38;5;159m[  script:mysql-async] [mysql-async] Database server connection established.
[38;5;66m[          svadhesive] Server license key authentication succeeded. Welcome!
[38;5;152m[       script:drones] [Error]	nil
[38;5;73m[ citizen-server-impl]         fff                          
[38;5;73m[ citizen-server-impl]   cccc ff   xx  xx     rr rr    eee  
[38;5;73m[ citizen-server-impl] cc     ffff   xx       rrr  r ee   e 
[38;5;73m[ citizen-server-impl] cc     ff     xx   ... rr     eeeee  
[38;5;73m[ citizen-server-impl]  ccccc ff   xx  xx ... rr      eeeee 
[38;5;73m[ citizen-server-impl]                                      
[38;5;73m[ citizen-server-impl] Authenticated with cfx.re Nucleus: https://fernandocg-j89z3l.users.cfx.re/
[38;5;104m[script:discord_perms] Permission system guild set to: 🌟Villa Pato RP🌟 (727536923320647800)
[38;5;73m[ citizen-server-impl] -- [server notice: hostname_rework]
[38;5;73m[ citizen-server-impl] You don't have sv_projectName/sv_projectDesc set.
[38;5;73m[ citizen-server-impl] These variables augment sv_hostname and fix your server name being cut off in the server list.
[38;5;73m[ citizen-server-impl] Use `sets sv_projectName ..` and `sets sv_projectDesc ..` to set them.
[38;5;73m[ citizen-server-impl] 
